<?xml version="1.0" encoding="UTF-8"?>
<!-- Generated by org.testng.reporters.JUnitXMLReporter -->
<testsuite ignored="0" hostname="DESKTOP-I3TN9CV" failures="1" tests="2" name="Test" time="214.9" errors="0" timestamp="2024-11-25T17:11:20 IST">
  <testcase classname="com.testCases.Tc01_AccountRegistration" name="Register" time="172.623">
    <failure type="java.lang.AssertionError" message="null">
      <![CDATA[java.lang.AssertionError: null
at com.testCases.Tc01_AccountRegistration.Register(Tc01_AccountRegistration.java:89)
at java.base/java.util.ArrayList.forEach(ArrayList.java:1597)
... Removed 31 stack frames]]>
    </failure>
  </testcase> <!-- Register -->
  <testcase classname="com.testCases.TC02_AccountLogin" name="verify_LoginwithInvalidCredentials" time="2.543"/>
</testsuite> <!-- Test -->
